<?xml version="1.0" encoding="UTF-8"?>
<!-- Generated by org.testng.reporters.JUnitReportReporter -->
<testsuite skipped="0" hostname="LAPTOP-P1QCA4H2" name="learntestnh.myTestNGhomeWork2" tests="1" failures="0" timestamp="2020-02-05T22:13:58 CST" time="23.455" errors="0">
  <testcase name="userShouldBeAbleToAddDeposite" time="23.455" classname="learntestnh.myTestNGhomeWork2"/>
</testsuite> <!-- learntestnh.myTestNGhomeWork2 -->
