<?xml version="1.0" encoding="UTF-8"?>
<!-- Generated by org.testng.reporters.JUnitReportReporter -->
<testsuite skipped="0" hostname="LAPTOP-P1QCA4H2" name="learntestnh.LocalHtmlTest" tests="1" failures="0" timestamp="2020-02-05T08:56:48 CST" time="3.693" errors="0">
  <testcase name="userShouldBeAbleToAddDeposite" time="3.693" classname="learntestnh.LocalHtmlTest"/>
</testsuite> <!-- learntestnh.LocalHtmlTest -->
