<?xml version="1.0" encoding="UTF-8"?>
<!-- Generated by org.testng.reporters.JUnitReportReporter -->
<testsuite skipped="0" hostname="LAPTOP-P1QCA4H2" name="learntestnh.addDeposit" tests="1" failures="0" timestamp="2020-02-08T09:13:45 CST" time="43.735" errors="0">
  <testcase name="userShouldBeAbleToAddDeposite" time="43.735" classname="learntestnh.addDeposit"/>
</testsuite> <!-- learntestnh.addDeposit -->
