<?xml version="1.0" encoding="UTF-8"?>
<!-- Generated by org.testng.reporters.JUnitReportReporter -->
<testsuite skipped="0" hostname="LAPTOP-P1QCA4H2" name="learntestnh.MyFirstTestNG" tests="1" failures="0" timestamp="2020-02-07T17:07:15 CST" time="141.374" errors="0">
  <testcase name="userShouldBeAbleToAddDeposite" time="141.374" classname="learntestnh.MyFirstTestNG"/>
</testsuite> <!-- learntestnh.MyFirstTestNG -->
